c:\users\2180082.maetel\desktop\phoenix\phoenix\debug\imgui_demo.obj
c:\users\2180082.maetel\desktop\phoenix\phoenix\debug\imgui_ja_gryph_ranges.obj
c:\users\2180082.maetel\desktop\phoenix\phoenix\debug\framework.obj
c:\users\2180082.maetel\desktop\phoenix\phoenix\debug\imgradient.obj
c:\users\2180082.maetel\desktop\phoenix\phoenix\debug\imgui_draw.obj
c:\users\2180082.maetel\desktop\phoenix\phoenix\debug\imsequencer.obj
c:\users\2180082.maetel\desktop\phoenix\phoenix\debug\scenetitle.obj
c:\users\2180082.maetel\desktop\phoenix\phoenix\debug\imgui_impl_dx11.obj
c:\users\2180082.maetel\desktop\phoenix\phoenix\debug\imcurveedit.obj
c:\users\2180082.maetel\desktop\phoenix\phoenix\debug\main.obj
c:\users\2180082.maetel\desktop\phoenix\phoenix\debug\imgui.obj
c:\users\2180082.maetel\desktop\phoenix\phoenix\debug\imgui_impl_win32.obj
c:\users\2180082.maetel\desktop\phoenix\phoenix\debug\imgui_widgets.obj
c:\users\2180082.maetel\desktop\phoenix\phoenix\debug\imguizmo.obj
c:\users\2180082.maetel\desktop\phoenix\phoenix\debug\scenemanager.obj
c:\users\2180082.maetel\desktop\phoenix\phoenix\debug\vc140.pdb
c:\users\2180082.maetel\desktop\phoenix\debug\pixelshader.cso
c:\users\2180082.maetel\desktop\phoenix\debug\vertexshader.cso
c:\users\2180082.maetel\desktop\phoenix\debug\phoenix.ilk
c:\users\2180082.maetel\desktop\phoenix\debug\phoenix.exe
c:\users\2180082.maetel\desktop\phoenix\debug\phoenix.pdb
c:\users\2180082.maetel\desktop\phoenix\phoenix\debug\phoenix.vcxprojassemblyreference.cache
c:\users\2180082.maetel\desktop\phoenix\phoenix\debug\vc140.idb
c:\users\2180082.maetel\desktop\phoenix\phoenix\debug\phoenix.tlog\cl.10496.write.1.tlog
c:\users\2180082.maetel\desktop\phoenix\phoenix\debug\phoenix.tlog\cl.command.1.tlog
c:\users\2180082.maetel\desktop\phoenix\phoenix\debug\phoenix.tlog\cl.read.1.tlog
c:\users\2180082.maetel\desktop\phoenix\phoenix\debug\phoenix.tlog\fxc.command.1.tlog
c:\users\2180082.maetel\desktop\phoenix\phoenix\debug\phoenix.tlog\fxc.read.1.tlog
c:\users\2180082.maetel\desktop\phoenix\phoenix\debug\phoenix.tlog\fxc.write.1.tlog
c:\users\2180082.maetel\desktop\phoenix\phoenix\debug\phoenix.tlog\link.command.1.tlog
c:\users\2180082.maetel\desktop\phoenix\phoenix\debug\phoenix.tlog\link.read.1.tlog
c:\users\2180082.maetel\desktop\phoenix\phoenix\debug\phoenix.tlog\link.write.1.tlog
c:\users\2180082.maetel\desktop\phoenix\phoenix\debug\phoenix.tlog\phoenix.write.1u.tlog
