d:\phoenix project\phoenix\phoenix\x64\debug\vc142.pdb
d:\phoenix project\phoenix\phoenix\x64\debug\scenetitle.obj
d:\phoenix project\phoenix\phoenix\x64\debug\scenesystem.obj
d:\phoenix project\phoenix\phoenix\x64\debug\scenegame.obj
d:\phoenix project\phoenix\phoenix\x64\debug\scenecommondata.obj
d:\phoenix project\phoenix\phoenix\x64\debug\geometricprimitive.obj
d:\phoenix project\phoenix\phoenix\x64\debug\player.obj
d:\phoenix project\phoenix\phoenix\x64\debug\main.obj
d:\phoenix project\phoenix\phoenix\x64\debug\bossai.obj
d:\phoenix project\phoenix\phoenix\x64\debug\boss.obj
d:\phoenix project\phoenix\phoenix\x64\debug\waitstate.obj
d:\phoenix project\phoenix\phoenix\x64\debug\swingattackstate.obj
d:\phoenix project\phoenix\phoenix\x64\debug\movestate.obj
d:\phoenix project\phoenix\phoenix\x64\debug\jumpattackstate.obj
d:\phoenix project\phoenix\phoenix\x64\debug\avoidstate.obj
d:\phoenix project\phoenix\x64\debug\phoenix.ilk
d:\phoenix project\phoenix\x64\debug\phoenix.exe
d:\phoenix project\phoenix\x64\debug\phoenix.pdb
d:\phoenix project\phoenix\x64\debug\phoenix.lib
d:\phoenix project\phoenix\x64\debug\phoenix.exp
d:\phoenix project\phoenix\phoenix\x64\debug\phoenix.tlog\cl.command.1.tlog
d:\phoenix project\phoenix\phoenix\x64\debug\phoenix.tlog\cl.read.1.tlog
d:\phoenix project\phoenix\phoenix\x64\debug\phoenix.tlog\cl.write.1.tlog
d:\phoenix project\phoenix\phoenix\x64\debug\phoenix.tlog\link.command.1.tlog
d:\phoenix project\phoenix\phoenix\x64\debug\phoenix.tlog\link.read.1.tlog
d:\phoenix project\phoenix\phoenix\x64\debug\phoenix.tlog\link.write.1.tlog
d:\phoenix project\phoenix\phoenix\x64\debug\phoenix.tlog\phoenix.write.1u.tlog
