d:\phoenix project\phoenix\phoenix\obj\x86\debug\vc142.pdb
d:\phoenix project\phoenix\phoenix\obj\x86\debug\scenetitle.obj
d:\phoenix project\phoenix\phoenix\obj\x86\debug\scenesystem.obj
d:\phoenix project\phoenix\phoenix\obj\x86\debug\scenegame.obj
d:\phoenix project\phoenix\phoenix\obj\x86\debug\scenecommondata.obj
d:\phoenix project\phoenix\phoenix\obj\x86\debug\geometricprimitive.obj
d:\phoenix project\phoenix\phoenix\obj\x86\debug\player.obj
d:\phoenix project\phoenix\phoenix\obj\x86\debug\main.obj
d:\phoenix project\phoenix\phoenix\obj\x86\debug\bossai.obj
d:\phoenix project\phoenix\phoenix\obj\x86\debug\boss.obj
d:\phoenix project\phoenix\phoenix\obj\x86\debug\waitstate.obj
d:\phoenix project\phoenix\phoenix\obj\x86\debug\swingattackstate.obj
d:\phoenix project\phoenix\phoenix\obj\x86\debug\movestate.obj
d:\phoenix project\phoenix\phoenix\obj\x86\debug\jumpattackstate.obj
d:\phoenix project\phoenix\phoenix\obj\x86\debug\avoidstate.obj
d:\phoenix project\phoenix\phoenix\obj\x86\debug\uisystem.obj
d:\phoenix project\phoenix\phoenix\obj\x86\debug\playerui.obj
d:\phoenix project\phoenix\phoenix\obj\x86\debug\bossui.obj
d:\phoenix project\phoenix\phoenix\obj\x86\debug\damagestate.obj
d:\phoenix project\phoenix\phoenix\bin\x86\debug\phoenix.exe
d:\phoenix project\phoenix\phoenix\bin\x86\debug\phoenix.ilk
d:\phoenix project\phoenix\phoenix\bin\x86\debug\phoenix.pdb
d:\phoenix project\phoenix\phoenix\bin\x86\debug\phoenix.lib
d:\phoenix project\phoenix\phoenix\bin\x86\debug\phoenix.exp
d:\phoenix project\phoenix\phoenix\.\bin\x86\debug\phoenix.pdb
d:\phoenix project\phoenix\phoenix\.\bin\x86\debug\phoenix.exe
d:\phoenix project\phoenix\phoenix\.\bin\x86\debug\phoenix.ilk
d:\phoenix project\phoenix\phoenix\obj\x86\debug\phoenix.tlog\cl.command.1.tlog
d:\phoenix project\phoenix\phoenix\obj\x86\debug\phoenix.tlog\cl.read.1.tlog
d:\phoenix project\phoenix\phoenix\obj\x86\debug\phoenix.tlog\cl.write.1.tlog
d:\phoenix project\phoenix\phoenix\obj\x86\debug\phoenix.tlog\link.command.1.tlog
d:\phoenix project\phoenix\phoenix\obj\x86\debug\phoenix.tlog\link.delete.1.tlog
d:\phoenix project\phoenix\phoenix\obj\x86\debug\phoenix.tlog\link.read.1.tlog
d:\phoenix project\phoenix\phoenix\obj\x86\debug\phoenix.tlog\link.write.1.tlog
d:\phoenix project\phoenix\phoenix\obj\x86\debug\phoenix.tlog\phoenix.write.1u.tlog
